[I 19:34:38.128 NotebookApp] JupyterLab beta preview extension loaded from /anaconda3/lib/python3.6/site-packages/jupyterlab
[I 19:34:38.128 NotebookApp] JupyterLab application directory is /anaconda3/share/jupyter/lab
[I 19:34:38.134 NotebookApp] 启动notebooks 在本地路径: /Users/didi/Documents/personal/machine-learning/mlcourse.ai
[I 19:34:38.134 NotebookApp] 本程序运行在: http://localhost:8888/?token=83217f3da6ccbe67a4473a30a8000a957b2a5e3c754c97dd
[I 19:34:38.134 NotebookApp] 使用control-c停止此服务器并关闭所有内核(两次跳过确认).
[C 19:34:38.135 NotebookApp] 
    
    Copy/paste this URL into your browser when you connect for the first time,
    to login with a token:
        http://localhost:8888/?token=83217f3da6ccbe67a4473a30a8000a957b2a5e3c754c97dd
[I 19:34:38.397 NotebookApp] Accepting one-time-token-authenticated connection from ::1
[I 19:34:52.746 NotebookApp] Kernel started: 36461efc-53ee-48c5-830a-8c564d35493a
[I 19:34:53.935 NotebookApp] Adapting to protocol v5.1 for kernel 36461efc-53ee-48c5-830a-8c564d35493a
[I 19:34:59.442 NotebookApp] Starting buffering for 36461efc-53ee-48c5-830a-8c564d35493a:42bbf3f495984e189fb97631c8aa1250
[I 19:35:14.557 NotebookApp] Kernel started: 3e74cb41-6555-412a-8178-73613bb22480
[I 19:35:14.578 NotebookApp] 302 GET /notebooks/img/ods_stickers.jpg (::1) 6.76ms
[I 19:35:16.271 NotebookApp] Adapting to protocol v5.1 for kernel 3e74cb41-6555-412a-8178-73613bb22480
[I 19:35:18.848 NotebookApp] 302 GET /notebooks/img/ods_stickers.jpg (::1) 1.52ms
[I 19:35:19.276 NotebookApp] Adapting to protocol v5.1 for kernel 3e74cb41-6555-412a-8178-73613bb22480
[I 19:35:24.071 NotebookApp] 302 GET /notebooks/img/ods_stickers.jpg (::1) 1.15ms
[I 19:35:24.197 NotebookApp] Adapting to protocol v5.1 for kernel 3e74cb41-6555-412a-8178-73613bb22480
[W 19:35:25.983 NotebookApp] Notebook assignment/assignment1_pandas_olympic_solution_fall2018.ipynb is not trusted
[I 19:35:27.304 NotebookApp] Kernel started: 8f0d4dcc-8403-498a-b887-24a0c63e7020
[W 19:35:27.334 NotebookApp] 404 GET /img/ods_stickers.jpg (::1) 15.02ms referer=http://localhost:8888/notebooks/assignment/assignment1_pandas_olympic_solution_fall2018.ipynb
[I 19:35:28.747 NotebookApp] Adapting to protocol v5.1 for kernel 8f0d4dcc-8403-498a-b887-24a0c63e7020
[I 19:35:34.696 NotebookApp] 302 GET /notebooks/img/ods_stickers.jpg (::1) 1.16ms
[I 19:37:19.473 NotebookApp] Saving file at /assignment/assignment1_pandas_olympic.ipynb
[I 19:37:27.317 NotebookApp] Saving file at /assignment/assignment1_pandas_olympic_solution_fall2018.ipynb
[W 19:37:27.317 NotebookApp] Notebook assignment/assignment1_pandas_olympic_solution_fall2018.ipynb is not trusted
[I 19:41:18.871 NotebookApp] Saving file at /assignment/assignment1_pandas_olympic.ipynb
[I 19:45:18.851 NotebookApp] Saving file at /assignment/assignment1_pandas_olympic.ipynb
[I 19:47:18.868 NotebookApp] Saving file at /assignment/assignment1_pandas_olympic.ipynb
[I 19:49:18.859 NotebookApp] Saving file at /assignment/assignment1_pandas_olympic.ipynb
[I 19:51:18.873 NotebookApp] Saving file at /assignment/assignment1_pandas_olympic.ipynb
[I 19:53:18.869 NotebookApp] Saving file at /assignment/assignment1_pandas_olympic.ipynb
[I 19:54:09.167 NotebookApp] Saving file at /assignment/assignment1_pandas_olympic.ipynb
[I 19:54:10.216 NotebookApp] Starting buffering for 3e74cb41-6555-412a-8178-73613bb22480:1be6b45fc0984c4682b864571bf8ecff
[I 19:54:17.950 NotebookApp] Saving file at /assignment/assignment1_pandas_olympic_solution_fall2018.ipynb
[W 19:54:17.950 NotebookApp] Notebook assignment/assignment1_pandas_olympic_solution_fall2018.ipynb is not trusted
[I 19:54:20.109 NotebookApp] Starting buffering for 8f0d4dcc-8403-498a-b887-24a0c63e7020:31bafb944f3848999b56f74998aab465
[W 20:01:04.226 NotebookApp] Notebook assignment/assignment3_decision_trees.ipynb is not trusted
[I 20:01:05.482 NotebookApp] Kernel started: 72c17cab-0ed7-4695-af62-9cbb13a321e4
[W 20:01:05.492 NotebookApp] 404 GET /img/ods_stickers.jpg (::1) 3.84ms referer=http://localhost:8888/notebooks/assignment/assignment3_decision_trees.ipynb
[W 20:01:05.495 NotebookApp] 404 GET /img/SCORE2007-eng.png (::1) 2.50ms referer=http://localhost:8888/notebooks/assignment/assignment3_decision_trees.ipynb
[I 20:01:07.032 NotebookApp] Adapting to protocol v5.1 for kernel 72c17cab-0ed7-4695-af62-9cbb13a321e4
[I 20:01:19.169 NotebookApp] Starting buffering for 72c17cab-0ed7-4695-af62-9cbb13a321e4:6a7a5b40d6974ab9808ae54ac93335f5
[W 09:52:14.851 NotebookApp] Notebook assignment/assignment2_USA_flights.ipynb is not trusted
[I 09:52:16.879 NotebookApp] Kernel started: 79e2cc47-7f5e-4f69-8df5-ce1a20b4cdb1
[I 09:52:19.780 NotebookApp] Adapting to protocol v5.1 for kernel 79e2cc47-7f5e-4f69-8df5-ce1a20b4cdb1
[W 09:58:51.603 NotebookApp] Notebook assignment/assignment2_USA_flights_solution.ipynb is not trusted
[I 09:58:54.066 NotebookApp] Kernel started: 2755f1e8-e466-4046-859d-6aee9394280b
[W 09:58:54.145 NotebookApp] 404 GET /img/ods_stickers.jpg (::1) 46.26ms referer=http://localhost:8888/notebooks/assignment/assignment2_USA_flights_solution.ipynb
[I 09:58:56.220 NotebookApp] Adapting to protocol v5.1 for kernel 2755f1e8-e466-4046-859d-6aee9394280b
[W 09:58:57.830 NotebookApp] Notebook assignment/assignment2_USA_flights_solution.ipynb is not trusted
[W 09:59:00.021 NotebookApp] 404 GET /img/ods_stickers.jpg (::1) 3.39ms referer=http://localhost:8888/notebooks/assignment/assignment2_USA_flights_solution.ipynb
[I 09:59:00.067 NotebookApp] Adapting to protocol v5.1 for kernel 2755f1e8-e466-4046-859d-6aee9394280b
[W 09:59:00.135 NotebookApp] zmq message arrived on closed channel
[W 09:59:00.137 NotebookApp] zmq message arrived on closed channel
[W 09:59:00.395 NotebookApp] zmq message arrived on closed channel
[W 09:59:00.399 NotebookApp] zmq message arrived on closed channel
[W 09:59:11.591 NotebookApp] 404 GET /notebooks/assignment/img/ods_stickers.jpg (::1): No such file or directory: assignment/img/ods_stickers.jpg
[W 09:59:11.598 NotebookApp] 404 GET /notebooks/assignment/img/ods_stickers.jpg (::1) 8.38ms referer=http://localhost:8888/notebooks/assignment/assignment2_USA_flights_solution.ipynb
[I 10:01:00.061 NotebookApp] Saving file at /assignment/assignment2_USA_flights_solution.ipynb
[W 10:01:00.067 NotebookApp] Notebook assignment/assignment2_USA_flights_solution.ipynb is not trusted
[W 10:04:37.912 NotebookApp] 404 GET /notebooks/assignment/%E2%80%9C../img/ods_stickers.jpg (::1): No such file or directory: assignment/“../img/ods_stickers.jpg
[W 10:04:37.914 NotebookApp] 404 GET /notebooks/assignment/%E2%80%9C../img/ods_stickers.jpg (::1) 2.43ms referer=http://localhost:8888/notebooks/assignment/assignment2_USA_flights_solution.ipynb
[I 10:04:50.984 NotebookApp] 302 GET /notebooks/img/ods_stickers.jpg (::1) 1.74ms
[I 10:05:00.030 NotebookApp] Saving file at /assignment/assignment2_USA_flights_solution.ipynb
[W 10:05:00.031 NotebookApp] Notebook assignment/assignment2_USA_flights_solution.ipynb is not trusted
[I 10:07:50.576 NotebookApp] Starting buffering for 79e2cc47-7f5e-4f69-8df5-ce1a20b4cdb1:76e5b904f34a4359941587d816f5b792
[I 10:07:51.013 NotebookApp] Kernel restarted: 79e2cc47-7f5e-4f69-8df5-ce1a20b4cdb1
[I 10:07:54.033 NotebookApp] Adapting to protocol v5.1 for kernel 79e2cc47-7f5e-4f69-8df5-ce1a20b4cdb1
[I 10:07:54.035 NotebookApp] Restoring connection for 79e2cc47-7f5e-4f69-8df5-ce1a20b4cdb1:76e5b904f34a4359941587d816f5b792
[I 10:07:54.035 NotebookApp] Replaying 6 buffered messages
[I 10:08:16.858 NotebookApp] Saving file at /assignment/assignment2_USA_flights.ipynb
[I 10:09:10.823 NotebookApp] Starting buffering for 79e2cc47-7f5e-4f69-8df5-ce1a20b4cdb1:76e5b904f34a4359941587d816f5b792
[I 10:09:15.982 NotebookApp] Kernel restarted: 79e2cc47-7f5e-4f69-8df5-ce1a20b4cdb1
[I 10:09:17.511 NotebookApp] Adapting to protocol v5.1 for kernel 79e2cc47-7f5e-4f69-8df5-ce1a20b4cdb1
[I 10:09:17.512 NotebookApp] Restoring connection for 79e2cc47-7f5e-4f69-8df5-ce1a20b4cdb1:76e5b904f34a4359941587d816f5b792
[I 10:09:17.513 NotebookApp] Replaying 3 buffered messages
[I 10:10:16.840 NotebookApp] Saving file at /assignment/assignment2_USA_flights.ipynb
[I 10:12:16.894 NotebookApp] Saving file at /assignment/assignment2_USA_flights.ipynb
[I 10:14:16.849 NotebookApp] Saving file at /assignment/assignment2_USA_flights.ipynb
[I 10:16:16.854 NotebookApp] Saving file at /assignment/assignment2_USA_flights.ipynb
[I 10:18:16.863 NotebookApp] Saving file at /assignment/assignment2_USA_flights.ipynb
[I 10:20:16.848 NotebookApp] Saving file at /assignment/assignment2_USA_flights.ipynb
[I 10:22:16.861 NotebookApp] Saving file at /assignment/assignment2_USA_flights.ipynb
[I 10:24:16.852 NotebookApp] Saving file at /assignment/assignment2_USA_flights.ipynb
[I 10:26:16.846 NotebookApp] Saving file at /assignment/assignment2_USA_flights.ipynb
[I 10:28:17.883 NotebookApp] Saving file at /assignment/assignment2_USA_flights.ipynb
[I 10:30:16.847 NotebookApp] Saving file at /assignment/assignment2_USA_flights.ipynb
[I 10:32:16.846 NotebookApp] Saving file at /assignment/assignment2_USA_flights.ipynb
[I 10:34:16.855 NotebookApp] Saving file at /assignment/assignment2_USA_flights.ipynb
[I 10:36:16.867 NotebookApp] Saving file at /assignment/assignment2_USA_flights.ipynb
[I 10:38:16.862 NotebookApp] Saving file at /assignment/assignment2_USA_flights.ipynb
[I 10:40:16.852 NotebookApp] Saving file at /assignment/assignment2_USA_flights.ipynb
[I 10:40:18.721 NotebookApp] Saving file at /assignment/assignment2_USA_flights.ipynb
[I 10:40:20.535 NotebookApp] Starting buffering for 79e2cc47-7f5e-4f69-8df5-ce1a20b4cdb1:76e5b904f34a4359941587d816f5b792
[I 10:40:26.178 NotebookApp] Starting buffering for 2755f1e8-e466-4046-859d-6aee9394280b:d9a195981c6c43c0a31b150198f34087
[W 22:59:38.831 NotebookApp] Notebook topic03_decision_trees_kNN/topic3_decision_trees_kNN.ipynb is not trusted
[I 22:59:42.937 NotebookApp] Kernel started: 130a8d0a-5f17-48c2-ac9d-de601e93c196
[W 22:59:42.954 NotebookApp] 404 GET /img/ods_stickers.jpg (::1) 6.80ms referer=http://localhost:8888/notebooks/topic03_decision_trees_kNN/topic3_decision_trees_kNN.ipynb
[W 22:59:42.958 NotebookApp] 404 GET /img/topic3_hse_instruction.png (::1) 3.36ms referer=http://localhost:8888/notebooks/topic03_decision_trees_kNN/topic3_decision_trees_kNN.ipynb
[W 22:59:42.961 NotebookApp] 404 GET /img/credit_scoring_toy_tree_english.png (::1) 2.46ms referer=http://localhost:8888/notebooks/topic03_decision_trees_kNN/topic3_decision_trees_kNN.ipynb
[W 22:59:42.965 NotebookApp] 404 GET /img/topic3_entropy_balls2.png (::1) 2.65ms referer=http://localhost:8888/notebooks/topic03_decision_trees_kNN/topic3_decision_trees_kNN.ipynb
[W 22:59:42.976 NotebookApp] 404 GET /img/topic3_credit_scoring_entropy.png (::1) 9.31ms referer=http://localhost:8888/notebooks/topic03_decision_trees_kNN/topic3_decision_trees_kNN.ipynb
[W 22:59:42.980 NotebookApp] 404 GET /img/topic3_eng_dtree_structure.png (::1) 3.71ms referer=http://localhost:8888/notebooks/topic03_decision_trees_kNN/topic3_decision_trees_kNN.ipynb
[W 22:59:42.983 NotebookApp] 404 GET /img/kNN.png (::1) 2.45ms referer=http://localhost:8888/notebooks/topic03_decision_trees_kNN/topic3_decision_trees_kNN.ipynb
[W 22:59:42.990 NotebookApp] 404 GET /img/decision_tree3.png (::1) 5.86ms referer=http://localhost:8888/notebooks/topic03_decision_trees_kNN/topic3_decision_trees_kNN.ipynb
[W 22:59:42.995 NotebookApp] 404 GET /img/cross_validation.png (::1) 2.00ms referer=http://localhost:8888/notebooks/topic03_decision_trees_kNN/topic3_decision_trees_kNN.ipynb
[I 22:59:46.141 NotebookApp] Adapting to protocol v5.1 for kernel 130a8d0a-5f17-48c2-ac9d-de601e93c196
[I 22:59:48.949 NotebookApp] Starting buffering for 130a8d0a-5f17-48c2-ac9d-de601e93c196:e9b2b3f4500e40a4ac234f2a03a5455f
[W 23:00:30.584 NotebookApp] 404 GET /api/contents/topic03_decision_trees_kNN?type=directory&_=1540306770878 (::1): No such file or directory: topic03_decision_trees_kNN
[W 23:00:30.592 NotebookApp] No such file or directory: topic03_decision_trees_kNN
[W 23:00:30.594 NotebookApp] 404 GET /api/contents/topic03_decision_trees_kNN?type=directory&_=1540306770878 (::1) 11.62ms referer=http://localhost:8888/tree/topic03_decision_trees_kNN
[W 23:00:37.952 NotebookApp] 404 GET /tree/topic03_decision_trees_kNN (::1) 5.69ms referer=None
[W 23:01:08.063 NotebookApp] Notebook jupyter/topic03_decision_trees_kNN/topic3_decision_trees_kNN.ipynb is not trusted
[I 23:01:12.191 NotebookApp] Kernel started: e66e0e8d-7576-4d8c-a75e-fa3112a2987d
[I 23:01:12.201 NotebookApp] 302 GET /notebooks/img/ods_stickers.jpg (::1) 1.82ms
[I 23:01:12.203 NotebookApp] 302 GET /notebooks/img/topic3_hse_instruction.png (::1) 1.40ms
[I 23:01:12.206 NotebookApp] 302 GET /notebooks/img/credit_scoring_toy_tree_english.png (::1) 2.05ms
[I 23:01:12.210 NotebookApp] 302 GET /notebooks/img/decision_tree3.png (::1) 2.38ms
[I 23:01:12.217 NotebookApp] 302 GET /notebooks/img/topic3_entropy_balls2.png (::1) 1.26ms
[I 23:01:12.945 NotebookApp] 302 GET /notebooks/img/kNN.png (::1) 1.30ms
[I 23:01:12.954 NotebookApp] 302 GET /notebooks/img/topic3_credit_scoring_entropy.png (::1) 1.41ms
[I 23:01:12.958 NotebookApp] 302 GET /notebooks/img/topic3_eng_dtree_structure.png (::1) 2.68ms
[I 23:01:12.962 NotebookApp] 302 GET /notebooks/img/cross_validation.png (::1) 1.21ms
[I 23:01:14.884 NotebookApp] Adapting to protocol v5.1 for kernel e66e0e8d-7576-4d8c-a75e-fa3112a2987d
[I 23:03:12.716 NotebookApp] Saving file at /jupyter/topic03_decision_trees_kNN/topic3_decision_trees_kNN.ipynb
[W 23:03:12.724 NotebookApp] Notebook jupyter/topic03_decision_trees_kNN/topic3_decision_trees_kNN.ipynb is not trusted
[I 17:10:21.130 NotebookApp] Starting buffering for e66e0e8d-7576-4d8c-a75e-fa3112a2987d:2d40e807076f4df28ecb3f35d0cff397
[W 17:10:23.075 NotebookApp] Notebook jupyter/topic03_decision_trees_kNN/topic3_decision_trees_kNN.ipynb is not trusted
[I 17:10:27.851 NotebookApp] 302 GET /notebooks/img/ods_stickers.jpg (::1) 1.33ms
[I 17:10:27.854 NotebookApp] 302 GET /notebooks/img/topic3_hse_instruction.png (::1) 1.30ms
[I 17:10:27.857 NotebookApp] 302 GET /notebooks/img/credit_scoring_toy_tree_english.png (::1) 1.36ms
[I 17:10:27.862 NotebookApp] 302 GET /notebooks/img/decision_tree3.png (::1) 1.53ms
[I 17:10:27.864 NotebookApp] 302 GET /notebooks/img/topic3_entropy_balls2.png (::1) 1.29ms
[I 17:10:27.866 NotebookApp] 302 GET /notebooks/img/topic3_credit_scoring_entropy.png (::1) 1.28ms
[I 17:10:28.393 NotebookApp] Adapting to protocol v5.1 for kernel e66e0e8d-7576-4d8c-a75e-fa3112a2987d
[I 17:10:28.595 NotebookApp] 302 GET /notebooks/img/topic3_eng_dtree_structure.png (::1) 1.41ms
[I 17:10:28.606 NotebookApp] 302 GET /notebooks/img/kNN.png (::1) 1.29ms
[I 17:10:28.615 NotebookApp] 302 GET /notebooks/img/cross_validation.png (::1) 1.56ms
[I 17:12:27.867 NotebookApp] Saving file at /jupyter/topic03_decision_trees_kNN/topic3_decision_trees_kNN.ipynb
[W 17:12:27.879 NotebookApp] Notebook jupyter/topic03_decision_trees_kNN/topic3_decision_trees_kNN.ipynb is not trusted
[W 00:44:28.555 NotebookApp] WebSocket ping timeout after 598785 ms.
[I 00:44:29.707 NotebookApp] Starting buffering for e66e0e8d-7576-4d8c-a75e-fa3112a2987d:70de27c46a7e4c8eb63fa5e499a2a894
[C 11:09:31.121 NotebookApp] 接受信号 15, 正在停止
[I 11:09:31.145 NotebookApp] 关闭 8 服务
[I 11:09:31.796 NotebookApp] Kernel shutdown: 36461efc-53ee-48c5-830a-8c564d35493a
[I 11:09:31.998 NotebookApp] Kernel shutdown: 3e74cb41-6555-412a-8178-73613bb22480
[I 11:09:31.999 NotebookApp] Kernel shutdown: 8f0d4dcc-8403-498a-b887-24a0c63e7020
[I 11:09:31.999 NotebookApp] Kernel shutdown: 72c17cab-0ed7-4695-af62-9cbb13a321e4
[I 20:49:17.677 NotebookApp] JupyterLab beta preview extension loaded from /anaconda3/lib/python3.6/site-packages/jupyterlab
[I 20:49:17.678 NotebookApp] JupyterLab application directory is /anaconda3/share/jupyter/lab
[I 20:49:17.688 NotebookApp] 启动notebooks 在本地路径: /Users/didi/Documents/personal/machine-learning/mlcourse.ai
[I 20:49:17.689 NotebookApp] 本程序运行在: http://localhost:8888/?token=ac80402319039d6f1d9eb795c345778c219ff35dcdecda88
[I 20:49:17.689 NotebookApp] 使用control-c停止此服务器并关闭所有内核(两次跳过确认).
[C 20:49:17.690 NotebookApp] 
    
    Copy/paste this URL into your browser when you connect for the first time,
    to login with a token:
        http://localhost:8888/?token=ac80402319039d6f1d9eb795c345778c219ff35dcdecda88
[I 20:49:18.152 NotebookApp] Accepting one-time-token-authenticated connection from ::1
[W 20:49:50.384 NotebookApp] Notebook assignment/assignment3_decision_trees.ipynb is not trusted
[I 20:49:51.714 NotebookApp] Kernel started: afe2046c-2a38-4a14-b888-c3ab302e5b07
[W 20:49:51.736 NotebookApp] 404 GET /img/ods_stickers.jpg (::1) 14.59ms referer=http://localhost:8888/notebooks/assignment/assignment3_decision_trees.ipynb
[W 20:49:51.740 NotebookApp] 404 GET /img/SCORE2007-eng.png (::1) 2.91ms referer=http://localhost:8888/notebooks/assignment/assignment3_decision_trees.ipynb
[I 20:49:53.653 NotebookApp] Adapting to protocol v5.1 for kernel afe2046c-2a38-4a14-b888-c3ab302e5b07
[I 20:49:56.339 NotebookApp] Starting buffering for afe2046c-2a38-4a14-b888-c3ab302e5b07:1c1a83783b7548d48b347dddfcbb05fa
[W 20:51:35.527 NotebookApp] 404 GET /api/contents/mlcourse.ai/jupyter_english?type=directory&_=1540558158983 (::1): No such file or directory: mlcourse.ai/jupyter_english
[W 20:51:35.527 NotebookApp] No such file or directory: mlcourse.ai/jupyter_english
[W 20:51:35.528 NotebookApp] 404 GET /api/contents/mlcourse.ai/jupyter_english?type=directory&_=1540558158983 (::1) 2.27ms referer=http://localhost:8888/tree/mlcourse.ai/jupyter_english
[W 20:51:46.256 NotebookApp] 404 GET /api/contents/mlcourse.ai/jupyter_english?type=directory&_=1540558158986 (::1): No such file or directory: mlcourse.ai/jupyter_english
[W 20:51:46.257 NotebookApp] No such file or directory: mlcourse.ai/jupyter_english
[W 20:51:46.257 NotebookApp] 404 GET /api/contents/mlcourse.ai/jupyter_english?type=directory&_=1540558158986 (::1) 1.75ms referer=http://localhost:8888/tree/mlcourse.ai/jupyter_english
[IPKernelApp] WARNING | Parent appears to have exited, shutting down.
[I 20:58:30.054 NotebookApp] JupyterLab beta preview extension loaded from /anaconda3/lib/python3.6/site-packages/jupyterlab
[I 20:58:30.054 NotebookApp] JupyterLab application directory is /anaconda3/share/jupyter/lab
[I 20:58:30.061 NotebookApp] 启动notebooks 在本地路径: /Users/didi/Documents/personal/machine-learning/mlcourse.ai
[I 20:58:30.061 NotebookApp] 本程序运行在: http://localhost:8888/?token=60962c9031339df0dd3fe138d39aca67809e695385093a4e
[I 20:58:30.061 NotebookApp] 使用control-c停止此服务器并关闭所有内核(两次跳过确认).
[C 20:58:30.062 NotebookApp] 
    
    Copy/paste this URL into your browser when you connect for the first time,
    to login with a token:
        http://localhost:8888/?token=60962c9031339df0dd3fe138d39aca67809e695385093a4e
[I 20:58:30.422 NotebookApp] Accepting one-time-token-authenticated connection from ::1
[W 20:58:41.067 NotebookApp] Notebook jupyter/topic03_decision_trees_kNN/topic3_decision_trees_kNN.ipynb is not trusted
[I 20:58:45.541 NotebookApp] Kernel started: 53840e6f-43e8-478c-99d6-074731cb0e2f
[I 20:58:45.551 NotebookApp] 302 GET /notebooks/img/credit_scoring_toy_tree_english.png (::1) 1.80ms
[I 20:58:45.553 NotebookApp] 302 GET /notebooks/img/decision_tree3.png (::1) 1.34ms
[W 20:58:45.560 NotebookApp] 404 GET /notebooks/jupyter/img/ods_stickers.jpg (::1): No such file or directory: jupyter/img/ods_stickers.jpg
[W 20:58:45.579 NotebookApp] 404 GET /notebooks/jupyter/img/ods_stickers.jpg (::1) 18.70ms referer=http://localhost:8888/notebooks/jupyter/topic03_decision_trees_kNN/topic3_decision_trees_kNN.ipynb
[I 20:58:45.586 NotebookApp] 302 GET /notebooks/img/topic3_hse_instruction.png (::1) 6.95ms
[I 20:58:45.590 NotebookApp] 302 GET /notebooks/img/topic3_entropy_balls2.png (::1) 2.30ms
[I 20:58:45.592 NotebookApp] 302 GET /notebooks/img/topic3_credit_scoring_entropy.png (::1) 1.49ms
[I 20:58:46.115 NotebookApp] 302 GET /notebooks/img/topic3_eng_dtree_structure.png (::1) 1.51ms
[I 20:58:46.117 NotebookApp] 302 GET /notebooks/img/kNN.png (::1) 1.43ms
[I 20:58:46.143 NotebookApp] 302 GET /notebooks/img/cross_validation.png (::1) 1.45ms
[I 20:58:47.314 NotebookApp] Adapting to protocol v5.1 for kernel 53840e6f-43e8-478c-99d6-074731cb0e2f
[I 20:58:54.982 NotebookApp] Starting buffering for 53840e6f-43e8-478c-99d6-074731cb0e2f:bb054d1388cb46868712ff92c687de0b
[C 13:10:48.025 NotebookApp] 接受信号 15, 正在停止
[I 13:10:48.053 NotebookApp] 关闭 1 服务
[I 13:10:48.468 NotebookApp] Kernel shutdown: 53840e6f-43e8-478c-99d6-074731cb0e2f
[I 15:05:52.563 NotebookApp] 端口 8888 已经被站用, 请尝试其他端口.
[I 15:05:52.605 NotebookApp] JupyterLab beta preview extension loaded from /anaconda3/lib/python3.6/site-packages/jupyterlab
[I 15:05:52.605 NotebookApp] JupyterLab application directory is /anaconda3/share/jupyter/lab
[I 15:05:52.609 NotebookApp] 启动notebooks 在本地路径: /Users/didi/Documents/personal/machine-learning/mlcourse.ai
[I 15:05:52.609 NotebookApp] 本程序运行在: http://localhost:8889/?token=f563bc82c86c5c0916561b9adb91c2c81ded859b5216b49d
[I 15:05:52.609 NotebookApp] 使用control-c停止此服务器并关闭所有内核(两次跳过确认).
[C 15:05:52.612 NotebookApp] 
    
    Copy/paste this URL into your browser when you connect for the first time,
    to login with a token:
        http://localhost:8889/?token=f563bc82c86c5c0916561b9adb91c2c81ded859b5216b49d
[I 15:05:52.846 NotebookApp] Accepting one-time-token-authenticated connection from ::1
[I 15:06:48.859 NotebookApp] JupyterLab beta preview extension loaded from /anaconda3/lib/python3.6/site-packages/jupyterlab
[I 15:06:48.859 NotebookApp] JupyterLab application directory is /anaconda3/share/jupyter/lab
[I 15:06:48.862 NotebookApp] 启动notebooks 在本地路径: /Users/didi/Documents/personal/machine-learning/mlcourse.ai
[I 15:06:48.862 NotebookApp] 本程序运行在: http://localhost:8888/?token=9d1ff1e9ffcce9eae7f33ff703842efab43970b7e574c389
[I 15:06:48.862 NotebookApp] 使用control-c停止此服务器并关闭所有内核(两次跳过确认).
[C 15:06:48.863 NotebookApp] 
    
    Copy/paste this URL into your browser when you connect for the first time,
    to login with a token:
        http://localhost:8888/?token=9d1ff1e9ffcce9eae7f33ff703842efab43970b7e574c389
[I 15:06:49.133 NotebookApp] Accepting one-time-token-authenticated connection from ::1
[C 19:58:38.395 NotebookApp] 接受信号 15, 正在停止
[I 19:58:38.415 NotebookApp] 关闭 0 服务
